c:\users\thales borzani\documents\visual studio 2013\projects\consoleapplication1\consoleapplication1\debug\consoleapplication1.pch
c:\users\thales borzani\documents\visual studio 2013\projects\consoleapplication1\consoleapplication1\debug\vc120.pdb
c:\users\thales borzani\documents\visual studio 2013\projects\consoleapplication1\consoleapplication1\debug\vc120.idb
c:\users\thales borzani\documents\visual studio 2013\projects\consoleapplication1\consoleapplication1\debug\stdafx.obj
c:\users\thales borzani\documents\visual studio 2013\projects\consoleapplication1\consoleapplication1\debug\consoleapplication1.obj
c:\users\thales borzani\documents\visual studio 2013\projects\consoleapplication1\consoleapplication1\debug\danos.obj
c:\users\thales borzani\documents\visual studio 2013\projects\consoleapplication1\consoleapplication1\debug\jogador.obj
c:\users\thales borzani\documents\visual studio 2013\projects\consoleapplication1\debug\consoleapplication1.ilk
c:\users\thales borzani\documents\visual studio 2013\projects\consoleapplication1\debug\consoleapplication1.exe
c:\users\thales borzani\documents\visual studio 2013\projects\consoleapplication1\debug\consoleapplication1.pdb
c:\users\thales borzani\documents\visual studio 2013\projects\consoleapplication1\consoleapplication1\debug\consolea.b266d94f.tlog\cl.command.1.tlog
c:\users\thales borzani\documents\visual studio 2013\projects\consoleapplication1\consoleapplication1\debug\consolea.b266d94f.tlog\cl.read.1.tlog
c:\users\thales borzani\documents\visual studio 2013\projects\consoleapplication1\consoleapplication1\debug\consolea.b266d94f.tlog\cl.write.1.tlog
c:\users\thales borzani\documents\visual studio 2013\projects\consoleapplication1\consoleapplication1\debug\consolea.b266d94f.tlog\link-cvtres.read.1.tlog
c:\users\thales borzani\documents\visual studio 2013\projects\consoleapplication1\consoleapplication1\debug\consolea.b266d94f.tlog\link-cvtres.write.1.tlog
c:\users\thales borzani\documents\visual studio 2013\projects\consoleapplication1\consoleapplication1\debug\consolea.b266d94f.tlog\link-rc.read.1.tlog
c:\users\thales borzani\documents\visual studio 2013\projects\consoleapplication1\consoleapplication1\debug\consolea.b266d94f.tlog\link-rc.write.1.tlog
c:\users\thales borzani\documents\visual studio 2013\projects\consoleapplication1\consoleapplication1\debug\consolea.b266d94f.tlog\link.5536-cvtres.read.1.tlog
c:\users\thales borzani\documents\visual studio 2013\projects\consoleapplication1\consoleapplication1\debug\consolea.b266d94f.tlog\link.5536-cvtres.write.1.tlog
c:\users\thales borzani\documents\visual studio 2013\projects\consoleapplication1\consoleapplication1\debug\consolea.b266d94f.tlog\link.5536-rc.read.1.tlog
c:\users\thales borzani\documents\visual studio 2013\projects\consoleapplication1\consoleapplication1\debug\consolea.b266d94f.tlog\link.5536-rc.write.1.tlog
c:\users\thales borzani\documents\visual studio 2013\projects\consoleapplication1\consoleapplication1\debug\consolea.b266d94f.tlog\link.5536.read.1.tlog
c:\users\thales borzani\documents\visual studio 2013\projects\consoleapplication1\consoleapplication1\debug\consolea.b266d94f.tlog\link.5536.write.1.tlog
c:\users\thales borzani\documents\visual studio 2013\projects\consoleapplication1\consoleapplication1\debug\consolea.b266d94f.tlog\link.command.1.tlog
c:\users\thales borzani\documents\visual studio 2013\projects\consoleapplication1\consoleapplication1\debug\consolea.b266d94f.tlog\link.read.1.tlog
c:\users\thales borzani\documents\visual studio 2013\projects\consoleapplication1\consoleapplication1\debug\consolea.b266d94f.tlog\link.write.1.tlog
