Build started 20/03/2016 18:16:06.
     1>Project "c:\Users\thales borzani\documents\visual studio 2013\Projects\ConsoleApplication1\ConsoleApplication1\ConsoleApplication1.vcxproj" on node 2 (Build target(s)).
     1>ClCompile:
         C:\Program Files (x86)\Microsoft Visual Studio 12.0\VC\bin\CL.exe /c /ZI /nologo /W3 /WX- /sdl /Od /Oy- /D WIN32 /D _DEBUG /D _CONSOLE /D _LIB /D _UNICODE /D UNICODE /Gm /EHsc /RTC1 /MDd /GS /fp:precise /Zc:wchar_t /Zc:forScope /Yu"stdafx.h" /Fp"Debug\ConsoleApplication1.pch" /Fo"Debug\\" /Fd"Debug\vc120.pdb" /Gd /TP /analyze- /errorReport:prompt ConsoleApplication1.cpp jogador.cpp
         jogador.cpp
         Generating Code...
         Compiling...
         ConsoleApplication1.cpp
     1>c:\users\thales borzani\documents\visual studio 2013\projects\consoleapplication1\consoleapplication1\consoleapplication1.cpp(3): warning C4627: '#include "SimpleEngine.h"': skipped when looking for precompiled header use
                 Add directive to 'stdafx.h' or rebuild precompiled header
     1>c:\users\thales borzani\documents\visual studio 2013\projects\consoleapplication1\consoleapplication1\consoleapplication1.cpp(4): warning C4627: '#include <iostream>': skipped when looking for precompiled header use
                 Add directive to 'stdafx.h' or rebuild precompiled header
     1>c:\users\thales borzani\documents\visual studio 2013\projects\consoleapplication1\consoleapplication1\consoleapplication1.cpp(5): warning C4627: '#include <cstdlib>': skipped when looking for precompiled header use
                 Add directive to 'stdafx.h' or rebuild precompiled header
         Generating Code...
       Link:
         C:\Program Files (x86)\Microsoft Visual Studio 12.0\VC\bin\link.exe /ERRORREPORT:PROMPT /OUT:"c:\users\thales borzani\documents\visual studio 2013\Projects\ConsoleApplication1\Debug\ConsoleApplication1.exe" /INCREMENTAL /NOLOGO kernel32.lib user32.lib gdi32.lib winspool.lib comdlg32.lib advapi32.lib shell32.lib ole32.lib oleaut32.lib uuid.lib odbc32.lib odbccp32.lib /MANIFEST /MANIFESTUAC:"level='asInvoker' uiAccess='false'" /manifest:embed /DEBUG /PDB:"c:\users\thales borzani\documents\visual studio 2013\Projects\ConsoleApplication1\Debug\ConsoleApplication1.pdb" /SUBSYSTEM:CONSOLE /TLBID:1 /DYNAMICBASE /NXCOMPAT /IMPLIB:"c:\users\thales borzani\documents\visual studio 2013\Projects\ConsoleApplication1\Debug\ConsoleApplication1.lib" /MACHINE:X86 Debug\ConsoleApplication1.obj
         Debug\danos.obj
         Debug\jogador.obj
         Debug\SimpleEngine.obj
         Debug\stdafx.obj
         ConsoleApplication1.vcxproj -> c:\users\thales borzani\documents\visual studio 2013\Projects\ConsoleApplication1\Debug\ConsoleApplication1.exe
     1>Done Building Project "c:\Users\thales borzani\documents\visual studio 2013\Projects\ConsoleApplication1\ConsoleApplication1\ConsoleApplication1.vcxproj" (Build target(s)).

Build succeeded.

Time Elapsed 00:00:01.49
